2022-09-12 22:03:06 INFO   file:43 - Сервер запущен
2022-09-12 22:04:43 INFO   file:43 - Сервер запущен
2022-09-14 00:10:42 INFO   file:43 - Сервер запущен
2022-09-14 00:32:11 INFO   file:43 - Сервер запущен
2022-09-14 00:32:40 INFO   file:43 - Сервер запущен
2022-09-14 00:35:11 INFO   file:43 - Сервер запущен
2022-09-14 00:36:54 INFO   file:43 - Сервер запущен
2022-09-14 00:37:12 INFO   file:40 - Подключился пользователь Дмитрий
2022-09-14 00:37:12 INFO   file:76 - Подключился пользователь Дмитрий
2022-09-14 00:37:33 INFO   file:96 - Пользователь server_storage_Дмитрий добавил файл из компьютера в локальное хранилище null
2022-09-14 00:37:36 INFO   file:110 - Пользователь Дмитрий отправил файл на сервер
2022-09-14 00:37:51 INFO   file:134 - Пользователь server_storage_Дмитрий удалил файл из локального хранилища New Текстовый документ (2).txt
2022-09-14 00:38:14 INFO   file:40 - Подключился пользователь Дмитрий
2022-09-14 00:38:14 INFO   file:76 - Подключился пользователь Дмитрий
2022-09-14 00:42:53 INFO   file:43 - Сервер запущен
2022-09-14 00:43:02 INFO   file:40 - Подключился пользователь Дмитрий
2022-09-14 00:43:05 INFO   file:142 - Пользователь server_storage_Дмитрий удалил файл из облака New Текстовый документ (2).txt
2022-09-14 00:43:11 INFO   file:133 - Пользователь server_storage_Дмитрий удалил файл из локального хранилища IMG_0004.JPG
2022-09-14 00:43:19 INFO   file:142 - Пользователь server_storage_Дмитрий удалил файл из облака IMG_0004.JPG
2022-09-14 00:43:38 INFO   file:126 - Пользователь client_storage_Дмитрий добавил файл из компьютера в локальное хранилище file
2022-09-14 00:43:48 INFO   file:109 - Пользователь Дмитрий отправил файл на сервер
2022-09-14 00:43:53 INFO   file:133 - Пользователь server_storage_Дмитрий удалил файл из локального хранилища IMG_0004.JPG
2022-09-14 00:44:03 INFO   file:171 - Пользователь server_storage_Дмитрий скачал файл из облака IMG_0004.JPG
